[14:10:33] [Server thread/INFO]: Starting minecraft server version 1.14.4
[14:10:33] [Server thread/INFO]: Loading properties
[14:10:34] [Server thread/INFO]: This server is running CraftBukkit version git-Spigot-9de398a-9c887d4 (MC: 1.14.4) (Implementing API version 1.14.4-R0.1-SNAPSHOT)
[14:10:34] [Server thread/INFO]: Debug logging is disabled
[14:10:34] [Server thread/INFO]: Server Ping Player Sample Count: 12
[14:10:34] [Server thread/INFO]: Using 4 threads for Netty based IO
[14:10:34] [Server thread/INFO]: Default game type: CREATIVE
[14:10:34] [Server thread/INFO]: Generating keypair
[14:10:34] [Server thread/INFO]: Starting Minecraft server on *:25565
[14:10:34] [Server thread/INFO]: Using default channel type
[14:10:40] [Server thread/ERROR]: Could not load 'plugins\MinecraftSkills.jar' in folder 'plugins'
org.bukkit.plugin.InvalidPluginException: Cannot find main class `me.MinecraftSkills.main.main'
	at org.bukkit.plugin.java.PluginClassLoader.<init>(PluginClassLoader.java:61) ~[spigot-1.14.4.jar:git-Spigot-9de398a-9c887d4]
	at org.bukkit.plugin.java.JavaPluginLoader.loadPlugin(JavaPluginLoader.java:135) ~[spigot-1.14.4.jar:git-Spigot-9de398a-9c887d4]
	at org.bukkit.plugin.SimplePluginManager.loadPlugin(SimplePluginManager.java:334) ~[spigot-1.14.4.jar:git-Spigot-9de398a-9c887d4]
	at org.bukkit.plugin.SimplePluginManager.loadPlugins(SimplePluginManager.java:253) [spigot-1.14.4.jar:git-Spigot-9de398a-9c887d4]
	at org.bukkit.craftbukkit.v1_14_R1.CraftServer.loadPlugins(CraftServer.java:350) [spigot-1.14.4.jar:git-Spigot-9de398a-9c887d4]
	at net.minecraft.server.v1_14_R1.DedicatedServer.init(DedicatedServer.java:194) [spigot-1.14.4.jar:git-Spigot-9de398a-9c887d4]
	at net.minecraft.server.v1_14_R1.MinecraftServer.run(MinecraftServer.java:776) [spigot-1.14.4.jar:git-Spigot-9de398a-9c887d4]
	at java.lang.Thread.run(Unknown Source) [?:1.8.0_66]
Caused by: java.lang.ClassNotFoundException: me.MinecraftSkills.main.main
	at java.net.URLClassLoader.findClass(Unknown Source) ~[?:1.8.0_66]
	at org.bukkit.plugin.java.PluginClassLoader.findClass(PluginClassLoader.java:135) ~[spigot-1.14.4.jar:git-Spigot-9de398a-9c887d4]
	at org.bukkit.plugin.java.PluginClassLoader.findClass(PluginClassLoader.java:81) ~[spigot-1.14.4.jar:git-Spigot-9de398a-9c887d4]
	at java.lang.ClassLoader.loadClass(Unknown Source) ~[?:1.8.0_66]
	at java.lang.ClassLoader.loadClass(Unknown Source) ~[?:1.8.0_66]
	at java.lang.Class.forName0(Native Method) ~[?:1.8.0_66]
	at java.lang.Class.forName(Unknown Source) ~[?:1.8.0_66]
	at org.bukkit.plugin.java.PluginClassLoader.<init>(PluginClassLoader.java:59) ~[spigot-1.14.4.jar:git-Spigot-9de398a-9c887d4]
	... 7 more
[14:10:40] [Server thread/INFO]: Preparing level "world"
[14:10:40] [Server thread/INFO]: Reloading ResourceManager: Default, bukkit
[14:10:41] [Server thread/INFO]: Loaded 6 recipes
[14:10:41] [Server thread/INFO]: -------- World Settings For [world] --------
[14:10:41] [Server thread/INFO]: View Distance: 10
[14:10:41] [Server thread/INFO]: Arrow Despawn Rate: 1200
[14:10:41] [Server thread/INFO]: Item Merge Radius: 2.5
[14:10:41] [Server thread/INFO]: Item Despawn Rate: 6000
[14:10:41] [Server thread/INFO]: Allow Zombie Pigmen to spawn from portal blocks: true
[14:10:41] [Server thread/INFO]: Custom Map Seeds:  Village: 10387312 Desert: 14357617 Igloo: 14357618 Jungle: 14357619 Swamp: 14357620 Monument: 10387313Ocean: 14357621 Shipwreck: 165745295 Slime: 987234911
[14:10:41] [Server thread/INFO]: Zombie Aggressive Towards Villager: true
[14:10:41] [Server thread/INFO]: Nerfing mobs spawned from spawners: false
[14:10:41] [Server thread/INFO]: Experience Merge Radius: 3.0
[14:10:41] [Server thread/INFO]: Cactus Growth Modifier: 100%
[14:10:41] [Server thread/INFO]: Cane Growth Modifier: 100%
[14:10:41] [Server thread/INFO]: Melon Growth Modifier: 100%
[14:10:41] [Server thread/INFO]: Mushroom Growth Modifier: 100%
[14:10:41] [Server thread/INFO]: Pumpkin Growth Modifier: 100%
[14:10:41] [Server thread/INFO]: Sapling Growth Modifier: 100%
[14:10:41] [Server thread/INFO]: Beetroot Growth Modifier: 100%
[14:10:41] [Server thread/INFO]: Carrot Growth Modifier: 100%
[14:10:41] [Server thread/INFO]: Potato Growth Modifier: 100%
[14:10:41] [Server thread/INFO]: Wheat Growth Modifier: 100%
[14:10:41] [Server thread/INFO]: NetherWart Growth Modifier: 100%
[14:10:41] [Server thread/INFO]: Vine Growth Modifier: 100%
[14:10:41] [Server thread/INFO]: Cocoa Growth Modifier: 100%
[14:10:41] [Server thread/INFO]: Bamboo Growth Modifier: 100%
[14:10:41] [Server thread/INFO]: SweetBerry Growth Modifier: 100%
[14:10:41] [Server thread/INFO]: Kelp Growth Modifier: 100%
[14:10:41] [Server thread/INFO]: Mob Spawn Range: 6
[14:10:41] [Server thread/INFO]: Tile Max Tick Time: 50ms Entity max Tick Time: 50ms
[14:10:41] [Server thread/INFO]: Max TNT Explosions: 100
[14:10:41] [Server thread/INFO]: Entity Tracking Range: Pl 48 / An 48 / Mo 48 / Mi 32 / Other 64
[14:10:41] [Server thread/INFO]: Hopper Transfer: 8 Hopper Check: 1 Hopper Amount: 1
[14:10:41] [Server thread/INFO]: Entity Activation Range: An 32 / Mo 32 / Ra 48 / Mi 16 / Tiv true
[14:10:42] [Server thread/INFO]: -------- World Settings For [world_nether] --------
[14:10:42] [Server thread/INFO]: View Distance: 10
[14:10:42] [Server thread/INFO]: Arrow Despawn Rate: 1200
[14:10:42] [Server thread/INFO]: Item Merge Radius: 2.5
[14:10:42] [Server thread/INFO]: Item Despawn Rate: 6000
[14:10:42] [Server thread/INFO]: Allow Zombie Pigmen to spawn from portal blocks: true
[14:10:42] [Server thread/INFO]: Custom Map Seeds:  Village: 10387312 Desert: 14357617 Igloo: 14357618 Jungle: 14357619 Swamp: 14357620 Monument: 10387313Ocean: 14357621 Shipwreck: 165745295 Slime: 987234911
[14:10:42] [Server thread/INFO]: Zombie Aggressive Towards Villager: true
[14:10:42] [Server thread/INFO]: Nerfing mobs spawned from spawners: false
[14:10:42] [Server thread/INFO]: Experience Merge Radius: 3.0
[14:10:42] [Server thread/INFO]: Cactus Growth Modifier: 100%
[14:10:42] [Server thread/INFO]: Cane Growth Modifier: 100%
[14:10:42] [Server thread/INFO]: Melon Growth Modifier: 100%
[14:10:42] [Server thread/INFO]: Mushroom Growth Modifier: 100%
[14:10:42] [Server thread/INFO]: Pumpkin Growth Modifier: 100%
[14:10:42] [Server thread/INFO]: Sapling Growth Modifier: 100%
[14:10:42] [Server thread/INFO]: Beetroot Growth Modifier: 100%
[14:10:42] [Server thread/INFO]: Carrot Growth Modifier: 100%
[14:10:42] [Server thread/INFO]: Potato Growth Modifier: 100%
[14:10:42] [Server thread/INFO]: Wheat Growth Modifier: 100%
[14:10:42] [Server thread/INFO]: NetherWart Growth Modifier: 100%
[14:10:42] [Server thread/INFO]: Vine Growth Modifier: 100%
[14:10:42] [Server thread/INFO]: Cocoa Growth Modifier: 100%
[14:10:42] [Server thread/INFO]: Bamboo Growth Modifier: 100%
[14:10:42] [Server thread/INFO]: SweetBerry Growth Modifier: 100%
[14:10:42] [Server thread/INFO]: Kelp Growth Modifier: 100%
[14:10:42] [Server thread/INFO]: Mob Spawn Range: 6
[14:10:42] [Server thread/INFO]: Tile Max Tick Time: 50ms Entity max Tick Time: 50ms
[14:10:42] [Server thread/INFO]: Max TNT Explosions: 100
[14:10:42] [Server thread/INFO]: Entity Tracking Range: Pl 48 / An 48 / Mo 48 / Mi 32 / Other 64
[14:10:42] [Server thread/INFO]: Hopper Transfer: 8 Hopper Check: 1 Hopper Amount: 1
[14:10:42] [Server thread/INFO]: Entity Activation Range: An 32 / Mo 32 / Ra 48 / Mi 16 / Tiv true
[14:10:42] [Server thread/INFO]: -------- World Settings For [world_the_end] --------
[14:10:42] [Server thread/INFO]: View Distance: 10
[14:10:42] [Server thread/INFO]: Arrow Despawn Rate: 1200
[14:10:42] [Server thread/INFO]: Item Merge Radius: 2.5
[14:10:42] [Server thread/INFO]: Item Despawn Rate: 6000
[14:10:42] [Server thread/INFO]: Allow Zombie Pigmen to spawn from portal blocks: true
[14:10:42] [Server thread/INFO]: Custom Map Seeds:  Village: 10387312 Desert: 14357617 Igloo: 14357618 Jungle: 14357619 Swamp: 14357620 Monument: 10387313Ocean: 14357621 Shipwreck: 165745295 Slime: 987234911
[14:10:42] [Server thread/INFO]: Zombie Aggressive Towards Villager: true
[14:10:42] [Server thread/INFO]: Nerfing mobs spawned from spawners: false
[14:10:42] [Server thread/INFO]: Experience Merge Radius: 3.0
[14:10:42] [Server thread/INFO]: Cactus Growth Modifier: 100%
[14:10:42] [Server thread/INFO]: Cane Growth Modifier: 100%
[14:10:42] [Server thread/INFO]: Melon Growth Modifier: 100%
[14:10:42] [Server thread/INFO]: Mushroom Growth Modifier: 100%
[14:10:42] [Server thread/INFO]: Pumpkin Growth Modifier: 100%
[14:10:42] [Server thread/INFO]: Sapling Growth Modifier: 100%
[14:10:42] [Server thread/INFO]: Beetroot Growth Modifier: 100%
[14:10:42] [Server thread/INFO]: Carrot Growth Modifier: 100%
[14:10:42] [Server thread/INFO]: Potato Growth Modifier: 100%
[14:10:42] [Server thread/INFO]: Wheat Growth Modifier: 100%
[14:10:42] [Server thread/INFO]: NetherWart Growth Modifier: 100%
[14:10:42] [Server thread/INFO]: Vine Growth Modifier: 100%
[14:10:42] [Server thread/INFO]: Cocoa Growth Modifier: 100%
[14:10:42] [Server thread/INFO]: Bamboo Growth Modifier: 100%
[14:10:42] [Server thread/INFO]: SweetBerry Growth Modifier: 100%
[14:10:42] [Server thread/INFO]: Kelp Growth Modifier: 100%
[14:10:42] [Server thread/INFO]: Mob Spawn Range: 6
[14:10:42] [Server thread/INFO]: Tile Max Tick Time: 50ms Entity max Tick Time: 50ms
[14:10:42] [Server thread/INFO]: Max TNT Explosions: 100
[14:10:42] [Server thread/INFO]: Entity Tracking Range: Pl 48 / An 48 / Mo 48 / Mi 32 / Other 64
[14:10:42] [Server thread/INFO]: Hopper Transfer: 8 Hopper Check: 1 Hopper Amount: 1
[14:10:42] [Server thread/INFO]: Entity Activation Range: An 32 / Mo 32 / Ra 48 / Mi 16 / Tiv true
[14:10:42] [Server thread/INFO]: Preparing start region for dimension 'world'/minecraft:overworld
[14:10:43] [Server thread/INFO]: Preparing spawn area: 0%
[14:10:43] [Server thread/INFO]: Preparing spawn area: 0%
[14:10:43] [Server thread/INFO]: Preparing spawn area: 0%
[14:10:45] [Server-Worker-6/INFO]: Preparing spawn area: 83%
[14:10:45] [Server-Worker-1/INFO]: Preparing spawn area: 83%
[14:10:45] [Server-Worker-1/INFO]: Preparing spawn area: 83%
[14:10:45] [Server-Worker-3/INFO]: Preparing spawn area: 91%
[14:10:46] [Server-Worker-2/INFO]: Preparing spawn area: 91%
[14:10:46] [Server-Worker-6/INFO]: Preparing spawn area: 91%
[14:10:47] [Server thread/INFO]: Preparing spawn area: 94%
[14:10:47] [Server thread/INFO]: Time elapsed: 4919 ms
[14:10:47] [Server thread/INFO]: Preparing start region for dimension 'world_nether'/minecraft:the_nether
[14:10:48] [Server thread/INFO]: Preparing spawn area: 0%
[14:10:48] [Server thread/INFO]: Preparing spawn area: 0%
[14:10:48] [Server-Worker-6/INFO]: Preparing spawn area: 83%
[14:10:49] [Server-Worker-1/INFO]: Preparing spawn area: 83%
[14:10:49] [Server-Worker-6/INFO]: Preparing spawn area: 94%
[14:10:49] [Server thread/INFO]: Time elapsed: 2176 ms
[14:10:49] [Server thread/INFO]: Preparing start region for dimension 'world_the_end'/minecraft:the_end
[14:10:50] [Server thread/INFO]: Preparing spawn area: 0%
[14:10:50] [Server-Worker-3/INFO]: Preparing spawn area: 83%
[14:10:50] [Server thread/INFO]: Time elapsed: 970 ms
[14:10:50] [Server thread/INFO]: Server permissions file permissions.yml is empty, ignoring it
[14:10:50] [Server thread/INFO]: Done (10.233s)! For help, type "help"
