[11:31:59] [main/ERROR]: Failed to load properties from file: server.properties
[11:32:00] [main/WARN]: Failed to load eula.txt
[11:32:00] [main/INFO]: You need to agree to the EULA in order to run the server. Go to eula.txt for more info.
[11:32:22] [Server thread/INFO]: Starting minecraft server version 1.14.4
[11:32:22] [Server thread/INFO]: Loading properties
[11:32:22] [Server console handler/ERROR]: Exception handling console input
java.io.IOException: Das Handle ist ungültig
	at java.io.FileInputStream.readBytes(Native Method) ~[?:1.8.0_66]
	at java.io.FileInputStream.read(Unknown Source) ~[?:1.8.0_66]
	at java.io.BufferedInputStream.fill(Unknown Source) ~[?:1.8.0_66]
	at java.io.BufferedInputStream.read(Unknown Source) ~[?:1.8.0_66]
	at org.bukkit.craftbukkit.libs.jline.internal.NonBlockingInputStream.read(NonBlockingInputStream.java:248) ~[spigot-1.14.4.jar:git-Spigot-9de398a-9c887d4]
	at org.bukkit.craftbukkit.libs.jline.internal.InputStreamReader.read(InputStreamReader.java:261) ~[spigot-1.14.4.jar:git-Spigot-9de398a-9c887d4]
	at org.bukkit.craftbukkit.libs.jline.internal.InputStreamReader.read(InputStreamReader.java:198) ~[spigot-1.14.4.jar:git-Spigot-9de398a-9c887d4]
	at org.bukkit.craftbukkit.libs.jline.console.ConsoleReader.readCharacter(ConsoleReader.java:2145) ~[spigot-1.14.4.jar:git-Spigot-9de398a-9c887d4]
	at org.bukkit.craftbukkit.libs.jline.console.ConsoleReader.readLineSimple(ConsoleReader.java:3183) ~[spigot-1.14.4.jar:git-Spigot-9de398a-9c887d4]
	at org.bukkit.craftbukkit.libs.jline.console.ConsoleReader.readLine(ConsoleReader.java:2333) ~[spigot-1.14.4.jar:git-Spigot-9de398a-9c887d4]
	at org.bukkit.craftbukkit.libs.jline.console.ConsoleReader.readLine(ConsoleReader.java:2269) ~[spigot-1.14.4.jar:git-Spigot-9de398a-9c887d4]
	at org.bukkit.craftbukkit.libs.jline.console.ConsoleReader.readLine(ConsoleReader.java:2257) ~[spigot-1.14.4.jar:git-Spigot-9de398a-9c887d4]
	at net.minecraft.server.v1_14_R1.DedicatedServer$2.run(DedicatedServer.java:97) [spigot-1.14.4.jar:git-Spigot-9de398a-9c887d4]
[11:32:23] [Server thread/INFO]: This server is running CraftBukkit version git-Spigot-9de398a-9c887d4 (MC: 1.14.4) (Implementing API version 1.14.4-R0.1-SNAPSHOT)
[11:32:23] [Server thread/INFO]: Debug logging is disabled
[11:32:23] [Server thread/INFO]: Using 4 threads for Netty based IO
[11:32:23] [Server thread/INFO]: Server Ping Player Sample Count: 12
[11:32:23] [Server thread/INFO]: Default game type: SURVIVAL
[11:32:23] [Server thread/INFO]: Generating keypair
[11:32:23] [Server thread/INFO]: Starting Minecraft server on *:25565
[11:32:23] [Server thread/INFO]: Using default channel type
[11:32:25] [Server thread/INFO]: Preparing level "world"
[11:32:26] [Server thread/INFO]: Found new data pack file/bukkit, loading it automatically
[11:32:26] [Server thread/INFO]: Found new data pack vanilla, loading it automatically
[11:32:26] [Server thread/INFO]: Reloading ResourceManager: Default, bukkit
[11:32:26] [Server thread/INFO]: Loaded 6 recipes
[11:32:27] [Server thread/INFO]: -------- World Settings For [world] --------
[11:32:27] [Server thread/INFO]: View Distance: 10
[11:32:27] [Server thread/INFO]: Item Merge Radius: 2.5
[11:32:27] [Server thread/INFO]: Item Despawn Rate: 6000
[11:32:27] [Server thread/INFO]: Arrow Despawn Rate: 1200
[11:32:27] [Server thread/INFO]: Nerfing mobs spawned from spawners: false
[11:32:27] [Server thread/INFO]: Allow Zombie Pigmen to spawn from portal blocks: true
[11:32:27] [Server thread/INFO]: Zombie Aggressive Towards Villager: true
[11:32:27] [Server thread/INFO]: Mob Spawn Range: 6
[11:32:27] [Server thread/INFO]: Cactus Growth Modifier: 100%
[11:32:27] [Server thread/INFO]: Cane Growth Modifier: 100%
[11:32:27] [Server thread/INFO]: Melon Growth Modifier: 100%
[11:32:27] [Server thread/INFO]: Mushroom Growth Modifier: 100%
[11:32:27] [Server thread/INFO]: Pumpkin Growth Modifier: 100%
[11:32:27] [Server thread/INFO]: Sapling Growth Modifier: 100%
[11:32:27] [Server thread/INFO]: Beetroot Growth Modifier: 100%
[11:32:27] [Server thread/INFO]: Carrot Growth Modifier: 100%
[11:32:27] [Server thread/INFO]: Potato Growth Modifier: 100%
[11:32:27] [Server thread/INFO]: Wheat Growth Modifier: 100%
[11:32:27] [Server thread/INFO]: NetherWart Growth Modifier: 100%
[11:32:27] [Server thread/INFO]: Vine Growth Modifier: 100%
[11:32:27] [Server thread/INFO]: Cocoa Growth Modifier: 100%
[11:32:27] [Server thread/INFO]: Bamboo Growth Modifier: 100%
[11:32:27] [Server thread/INFO]: SweetBerry Growth Modifier: 100%
[11:32:27] [Server thread/INFO]: Kelp Growth Modifier: 100%
[11:32:27] [Server thread/INFO]: Experience Merge Radius: 3.0
[11:32:27] [Server thread/INFO]: Entity Activation Range: An 32 / Mo 32 / Ra 48 / Mi 16 / Tiv true
[11:32:27] [Server thread/INFO]: Entity Tracking Range: Pl 48 / An 48 / Mo 48 / Mi 32 / Other 64
[11:32:27] [Server thread/INFO]: Hopper Transfer: 8 Hopper Check: 1 Hopper Amount: 1
[11:32:27] [Server thread/INFO]: Tile Max Tick Time: 50ms Entity max Tick Time: 50ms
[11:32:27] [Server thread/INFO]: Max TNT Explosions: 100
[11:32:27] [Server thread/INFO]: Custom Map Seeds:  Village: 10387312 Desert: 14357617 Igloo: 14357618 Jungle: 14357619 Swamp: 14357620 Monument: 10387313Ocean: 14357621 Shipwreck: 165745295 Slime: 987234911
[11:32:28] [Server thread/WARN]: Unable to find spawn biome
[11:32:33] [Server thread/INFO]: -------- World Settings For [world_nether] --------
[11:32:33] [Server thread/INFO]: View Distance: 10
[11:32:33] [Server thread/INFO]: Item Merge Radius: 2.5
[11:32:33] [Server thread/INFO]: Item Despawn Rate: 6000
[11:32:33] [Server thread/INFO]: Arrow Despawn Rate: 1200
[11:32:33] [Server thread/INFO]: Nerfing mobs spawned from spawners: false
[11:32:33] [Server thread/INFO]: Allow Zombie Pigmen to spawn from portal blocks: true
[11:32:33] [Server thread/INFO]: Zombie Aggressive Towards Villager: true
[11:32:33] [Server thread/INFO]: Mob Spawn Range: 6
[11:32:33] [Server thread/INFO]: Cactus Growth Modifier: 100%
[11:32:33] [Server thread/INFO]: Cane Growth Modifier: 100%
[11:32:33] [Server thread/INFO]: Melon Growth Modifier: 100%
[11:32:33] [Server thread/INFO]: Mushroom Growth Modifier: 100%
[11:32:33] [Server thread/INFO]: Pumpkin Growth Modifier: 100%
[11:32:33] [Server thread/INFO]: Sapling Growth Modifier: 100%
[11:32:33] [Server thread/INFO]: Beetroot Growth Modifier: 100%
[11:32:33] [Server thread/INFO]: Carrot Growth Modifier: 100%
[11:32:33] [Server thread/INFO]: Potato Growth Modifier: 100%
[11:32:33] [Server thread/INFO]: Wheat Growth Modifier: 100%
[11:32:33] [Server thread/INFO]: NetherWart Growth Modifier: 100%
[11:32:33] [Server thread/INFO]: Vine Growth Modifier: 100%
[11:32:33] [Server thread/INFO]: Cocoa Growth Modifier: 100%
[11:32:33] [Server thread/INFO]: Bamboo Growth Modifier: 100%
[11:32:33] [Server thread/INFO]: SweetBerry Growth Modifier: 100%
[11:32:33] [Server thread/INFO]: Kelp Growth Modifier: 100%
[11:32:33] [Server thread/INFO]: Experience Merge Radius: 3.0
[11:32:33] [Server thread/INFO]: Entity Activation Range: An 32 / Mo 32 / Ra 48 / Mi 16 / Tiv true
[11:32:33] [Server thread/INFO]: Entity Tracking Range: Pl 48 / An 48 / Mo 48 / Mi 32 / Other 64
[11:32:33] [Server thread/INFO]: Hopper Transfer: 8 Hopper Check: 1 Hopper Amount: 1
[11:32:33] [Server thread/INFO]: Tile Max Tick Time: 50ms Entity max Tick Time: 50ms
[11:32:33] [Server thread/INFO]: Max TNT Explosions: 100
[11:32:33] [Server thread/INFO]: Custom Map Seeds:  Village: 10387312 Desert: 14357617 Igloo: 14357618 Jungle: 14357619 Swamp: 14357620 Monument: 10387313Ocean: 14357621 Shipwreck: 165745295 Slime: 987234911
[11:32:33] [Server thread/INFO]: -------- World Settings For [world_the_end] --------
[11:32:33] [Server thread/INFO]: View Distance: 10
[11:32:33] [Server thread/INFO]: Item Merge Radius: 2.5
[11:32:33] [Server thread/INFO]: Item Despawn Rate: 6000
[11:32:33] [Server thread/INFO]: Arrow Despawn Rate: 1200
[11:32:33] [Server thread/INFO]: Nerfing mobs spawned from spawners: false
[11:32:33] [Server thread/INFO]: Allow Zombie Pigmen to spawn from portal blocks: true
[11:32:33] [Server thread/INFO]: Zombie Aggressive Towards Villager: true
[11:32:33] [Server thread/INFO]: Mob Spawn Range: 6
[11:32:33] [Server thread/INFO]: Cactus Growth Modifier: 100%
[11:32:33] [Server thread/INFO]: Cane Growth Modifier: 100%
[11:32:33] [Server thread/INFO]: Melon Growth Modifier: 100%
[11:32:33] [Server thread/INFO]: Mushroom Growth Modifier: 100%
[11:32:33] [Server thread/INFO]: Pumpkin Growth Modifier: 100%
[11:32:33] [Server thread/INFO]: Sapling Growth Modifier: 100%
[11:32:33] [Server thread/INFO]: Beetroot Growth Modifier: 100%
[11:32:33] [Server thread/INFO]: Carrot Growth Modifier: 100%
[11:32:33] [Server thread/INFO]: Potato Growth Modifier: 100%
[11:32:33] [Server thread/INFO]: Wheat Growth Modifier: 100%
[11:32:33] [Server thread/INFO]: NetherWart Growth Modifier: 100%
[11:32:33] [Server thread/INFO]: Vine Growth Modifier: 100%
[11:32:33] [Server thread/INFO]: Cocoa Growth Modifier: 100%
[11:32:33] [Server thread/INFO]: Bamboo Growth Modifier: 100%
[11:32:33] [Server thread/INFO]: SweetBerry Growth Modifier: 100%
[11:32:33] [Server thread/INFO]: Kelp Growth Modifier: 100%
[11:32:33] [Server thread/INFO]: Experience Merge Radius: 3.0
[11:32:33] [Server thread/INFO]: Entity Activation Range: An 32 / Mo 32 / Ra 48 / Mi 16 / Tiv true
[11:32:33] [Server thread/INFO]: Entity Tracking Range: Pl 48 / An 48 / Mo 48 / Mi 32 / Other 64
[11:32:33] [Server thread/INFO]: Hopper Transfer: 8 Hopper Check: 1 Hopper Amount: 1
[11:32:33] [Server thread/INFO]: Tile Max Tick Time: 50ms Entity max Tick Time: 50ms
[11:32:33] [Server thread/INFO]: Max TNT Explosions: 100
[11:32:33] [Server thread/INFO]: Custom Map Seeds:  Village: 10387312 Desert: 14357617 Igloo: 14357618 Jungle: 14357619 Swamp: 14357620 Monument: 10387313Ocean: 14357621 Shipwreck: 165745295 Slime: 987234911
[11:32:33] [Server thread/INFO]: Preparing start region for dimension 'world'/minecraft:overworld
[11:32:33] [Server-Worker-3/INFO]: Preparing spawn area: 0%
[11:32:34] [Server-Worker-1/INFO]: Preparing spawn area: 0%
[11:32:34] [Server-Worker-3/INFO]: Preparing spawn area: 1%
[11:32:35] [Server-Worker-7/INFO]: Preparing spawn area: 1%
[11:32:35] [Server-Worker-1/INFO]: Preparing spawn area: 2%
[11:32:36] [Server-Worker-5/INFO]: Preparing spawn area: 2%
[11:32:36] [Server-Worker-5/INFO]: Preparing spawn area: 2%
[11:32:37] [Server-Worker-1/INFO]: Preparing spawn area: 4%
[11:32:37] [Server-Worker-1/INFO]: Preparing spawn area: 6%
[11:32:38] [Server-Worker-3/INFO]: Preparing spawn area: 6%
[11:32:38] [Server-Worker-7/INFO]: Preparing spawn area: 9%
[11:32:39] [Server-Worker-7/INFO]: Preparing spawn area: 11%
[11:32:39] [Server-Worker-5/INFO]: Preparing spawn area: 11%
[11:32:40] [Server-Worker-6/INFO]: Preparing spawn area: 15%
[11:32:40] [Server-Worker-6/INFO]: Preparing spawn area: 20%
[11:32:41] [Server-Worker-3/INFO]: Preparing spawn area: 20%
[11:32:41] [Server-Worker-7/INFO]: Preparing spawn area: 23%
[11:32:42] [Server-Worker-2/INFO]: Preparing spawn area: 27%
[11:32:42] [Server-Worker-7/INFO]: Preparing spawn area: 27%
[11:32:43] [Server-Worker-3/INFO]: Preparing spawn area: 32%
[11:32:43] [Server-Worker-2/INFO]: Preparing spawn area: 32%
[11:32:44] [Server-Worker-1/INFO]: Preparing spawn area: 38%
[11:32:44] [Server-Worker-1/INFO]: Preparing spawn area: 38%
[11:32:45] [Server-Worker-6/INFO]: Preparing spawn area: 43%
[11:32:46] [Server-Worker-1/INFO]: Preparing spawn area: 48%
[11:32:46] [Server-Worker-6/INFO]: Preparing spawn area: 54%
[11:32:46] [Server-Worker-7/INFO]: Preparing spawn area: 57%
[11:32:47] [Server-Worker-3/INFO]: Preparing spawn area: 59%
[11:32:48] [Server-Worker-1/INFO]: Preparing spawn area: 66%
[11:32:48] [Server-Worker-4/INFO]: Preparing spawn area: 69%
[11:32:49] [Server-Worker-1/INFO]: Preparing spawn area: 72%
[11:32:50] [Server-Worker-2/INFO]: Preparing spawn area: 77%
[11:32:50] [Server-Worker-1/INFO]: Preparing spawn area: 77%
[11:32:50] [Server-Worker-4/INFO]: Preparing spawn area: 85%
[11:32:51] [Server-Worker-4/INFO]: Preparing spawn area: 90%
[11:32:51] [Server-Worker-6/INFO]: Preparing spawn area: 90%
[11:32:51] [Server-Worker-2/INFO]: Preparing spawn area: 90%
[11:32:51] [Server thread/INFO]: Time elapsed: 18129 ms
[11:32:51] [Server thread/INFO]: Preparing start region for dimension 'world_nether'/minecraft:the_nether
[11:32:52] [Server-Worker-3/INFO]: Preparing spawn area: 0%
[11:32:52] [Server-Worker-4/INFO]: Preparing spawn area: 0%
[11:32:52] [Server-Worker-3/INFO]: Preparing spawn area: 3%
[11:32:53] [Server-Worker-7/INFO]: Preparing spawn area: 9%
[11:32:53] [Server-Worker-3/INFO]: Preparing spawn area: 18%
[11:32:54] [Server-Worker-7/INFO]: Preparing spawn area: 31%
[11:32:54] [Server-Worker-1/INFO]: Preparing spawn area: 39%
[11:32:55] [Server-Worker-3/INFO]: Preparing spawn area: 52%
[11:32:55] [Server-Worker-4/INFO]: Preparing spawn area: 59%
[11:32:56] [Server-Worker-6/INFO]: Preparing spawn area: 68%
[11:32:56] [Server-Worker-5/INFO]: Preparing spawn area: 77%
[11:32:57] [Server-Worker-7/INFO]: Preparing spawn area: 90%
[11:32:57] [Server thread/INFO]: Time elapsed: 5930 ms
[11:32:57] [Server thread/INFO]: Preparing start region for dimension 'world_the_end'/minecraft:the_end
[11:32:58] [Server-Worker-4/INFO]: Preparing spawn area: 0%
[11:32:58] [Server-Worker-5/INFO]: Preparing spawn area: 1%
[11:32:58] [Server-Worker-5/INFO]: Preparing spawn area: 23%
[11:32:59] [Server-Worker-5/INFO]: Preparing spawn area: 63%
[11:32:59] [Server thread/INFO]: Time elapsed: 1922 ms
[11:32:59] [Server thread/INFO]: Done (33.954s)! For help, type "help"
